<?xml version="1.0" encoding="UTF-8"?>
<testng-results ignored="0" total="2" passed="2" failed="0" skipped="0">
  <reporter-output>
    <line>
      <![CDATA[No of rows are::9]]>
    </line>
    <line>
      <![CDATA[No of rows are::9]]>
    </line>
    <line>
      <![CDATA[Login success]]>
    </line>
    <line>
      <![CDATA[Incorrect user ID or password]]>
    </line>
    <line>
      <![CDATA[Incorrect user ID or password]]>
    </line>
    <line>
      <![CDATA[Login success]]>
    </line>
    <line>
      <![CDATA[Login success]]>
    </line>
    <line>
      <![CDATA[Incorrect user ID or password]]>
    </line>
    <line>
      <![CDATA[Incorrect user ID or password]]>
    </line>
    <line>
      <![CDATA[Login success]]>
    </line>
    <line>
      <![CDATA[Incorrect user ID or password]]>
    </line>
  </reporter-output>
  <suite started-at="2025-02-20T12:44:38 IST" name="Default suite" finished-at="2025-02-20T12:45:48 IST" duration-ms="69196">
    <groups>
    </groups>
    <test started-at="2025-02-20T12:44:38 IST" name="Default test" finished-at="2025-02-20T12:45:48 IST" duration-ms="69196">
      <class name="driverFactory.AppTest">
        <test-method is-config="true" signature="setUp()[pri:0, instance:driverFactory.AppTest@397fbdb]" started-at="2025-02-20T12:44:39 IST" name="setUp" finished-at="2025-02-20T12:44:40 IST" duration-ms="1157" status="PASS">
          <reporter-output>
          </reporter-output>
        </test-method> <!-- setUp -->
        <test-method signature="InvalidLogin()[pri:0, instance:driverFactory.AppTest@397fbdb]" started-at="2025-02-20T12:44:40 IST" name="InvalidLogin" finished-at="2025-02-20T12:45:08 IST" duration-ms="28236" status="PASS">
          <reporter-output>
            <line>
              <![CDATA[No of rows are::9]]>
            </line>
          </reporter-output>
        </test-method> <!-- InvalidLogin -->
        <test-method is-config="true" signature="tearDown()[pri:0, instance:driverFactory.AppTest@397fbdb]" started-at="2025-02-20T12:45:08 IST" name="tearDown" finished-at="2025-02-20T12:45:08 IST" duration-ms="180" status="PASS">
          <reporter-output>
          </reporter-output>
        </test-method> <!-- tearDown -->
        <test-method is-config="true" signature="setUp()[pri:0, instance:driverFactory.AppTest@397fbdb]" started-at="2025-02-20T12:45:08 IST" name="setUp" finished-at="2025-02-20T12:45:09 IST" duration-ms="852" status="PASS">
          <reporter-output>
          </reporter-output>
        </test-method> <!-- setUp -->
        <test-method signature="startTest()[pri:0, instance:driverFactory.AppTest@397fbdb]" started-at="2025-02-20T12:45:09 IST" name="startTest" finished-at="2025-02-20T12:45:48 IST" duration-ms="38558" status="PASS">
          <reporter-output>
            <line>
              <![CDATA[No of rows are::9]]>
            </line>
            <line>
              <![CDATA[Login success]]>
            </line>
            <line>
              <![CDATA[Incorrect user ID or password]]>
            </line>
            <line>
              <![CDATA[Incorrect user ID or password]]>
            </line>
            <line>
              <![CDATA[Login success]]>
            </line>
            <line>
              <![CDATA[Login success]]>
            </line>
            <line>
              <![CDATA[Incorrect user ID or password]]>
            </line>
            <line>
              <![CDATA[Incorrect user ID or password]]>
            </line>
            <line>
              <![CDATA[Login success]]>
            </line>
            <line>
              <![CDATA[Incorrect user ID or password]]>
            </line>
          </reporter-output>
        </test-method> <!-- startTest -->
        <test-method is-config="true" signature="tearDown()[pri:0, instance:driverFactory.AppTest@397fbdb]" started-at="2025-02-20T12:45:48 IST" name="tearDown" finished-at="2025-02-20T12:45:48 IST" duration-ms="168" status="PASS">
          <reporter-output>
          </reporter-output>
        </test-method> <!-- tearDown -->
      </class> <!-- driverFactory.AppTest -->
    </test> <!-- Default test -->
  </suite> <!-- Default suite -->
</testng-results>
